1694624351.798718 client started (5294): version 3.3a, socket /tmp/tmux-1000/default, protocol 8
1694624351.799720 on Linux 5.15.90.1-microsoft-standard-WSL2 #1 SMP Fri Jan 27 02:56:13 UTC 2023
1694624351.800197 using libevent 2.1.12-stable (poll); ncurses 6.3
1694624351.800758 flags are 0x18010000
1694624351.801246 socket is /tmp/tmux-1000/default
1694624351.801879 trying connect
1694624351.802457 add peer 0x5617e3076b20: 6 ((nil))
1694624351.803271 sending message 100 to peer 0x5617e3076b20 (4 bytes)
1694624351.803749 sending message 111 to peer 0x5617e3076b20 (8 bytes)
1694624351.804275 sending message 101 to peer 0x5617e3076b20 (15 bytes)
1694624351.804860 sending message 109 to peer 0x5617e3076b20 (4 bytes)
1694624351.805895 sending message 102 to peer 0x5617e3076b20 (11 bytes)
1694624351.806354 sending message 108 to peer 0x5617e3076b20 (41 bytes)
1694624351.806801 sending message 112 to peer 0x5617e3076b20 (58 bytes)
1694624351.807277 sending message 112 to peer 0x5617e3076b20 (5 bytes)
1694624351.807687 sending message 112 to peer 0x5617e3076b20 (5 bytes)
1694624351.808164 sending message 112 to peer 0x5617e3076b20 (6 bytes)
1694624351.808575 sending message 112 to peer 0x5617e3076b20 (6 bytes)
1694624351.808985 sending message 112 to peer 0x5617e3076b20 (11 bytes)
1694624351.809417 sending message 112 to peer 0x5617e3076b20 (10 bytes)
1694624351.809825 sending message 112 to peer 0x5617e3076b20 (13 bytes)
1694624351.810257 sending message 112 to peer 0x5617e3076b20 (14 bytes)
1694624351.810675 sending message 112 to peer 0x5617e3076b20 (19 bytes)
1694624351.811078 sending message 112 to peer 0x5617e3076b20 (11 bytes)
1694624351.811456 sending message 112 to peer 0x5617e3076b20 (10 bytes)
1694624351.811901 sending message 112 to peer 0x5617e3076b20 (15 bytes)
1694624351.812420 sending message 112 to peer 0x5617e3076b20 (21 bytes)
1694624351.812825 sending message 112 to peer 0x5617e3076b20 (13 bytes)
1694624351.813296 sending message 112 to peer 0x5617e3076b20 (7 bytes)
1694624351.813656 sending message 112 to peer 0x5617e3076b20 (13 bytes)
1694624351.814024 sending message 112 to peer 0x5617e3076b20 (7 bytes)
1694624351.814359 sending message 112 to peer 0x5617e3076b20 (13 bytes)
1694624351.814727 sending message 112 to peer 0x5617e3076b20 (9 bytes)
1694624351.815112 sending message 112 to peer 0x5617e3076b20 (21 bytes)
1694624351.815438 sending message 112 to peer 0x5617e3076b20 (13 bytes)
1694624351.815806 sending message 112 to peer 0x5617e3076b20 (9 bytes)
1694624351.816129 sending message 112 to peer 0x5617e3076b20 (16 bytes)
1694624351.816502 sending message 112 to peer 0x5617e3076b20 (13 bytes)
1694624351.816836 sending message 112 to peer 0x5617e3076b20 (9 bytes)
1694624351.817226 sending message 112 to peer 0x5617e3076b20 (9 bytes)
1694624351.817559 sending message 112 to peer 0x5617e3076b20 (12 bytes)
1694624351.817942 sending message 112 to peer 0x5617e3076b20 (8 bytes)
1694624351.818270 sending message 112 to peer 0x5617e3076b20 (8 bytes)
1694624351.818611 sending message 112 to peer 0x5617e3076b20 (13 bytes)
1694624351.818943 sending message 112 to peer 0x5617e3076b20 (7 bytes)
1694624351.819338 sending message 112 to peer 0x5617e3076b20 (7 bytes)
1694624351.819651 sending message 112 to peer 0x5617e3076b20 (9 bytes)
1694624351.820004 sending message 112 to peer 0x5617e3076b20 (9 bytes)
1694624351.820322 sending message 112 to peer 0x5617e3076b20 (15 bytes)
1694624351.820670 sending message 112 to peer 0x5617e3076b20 (13 bytes)
1694624351.821103 sending message 112 to peer 0x5617e3076b20 (12 bytes)
1694624351.821453 sending message 112 to peer 0x5617e3076b20 (8 bytes)
1694624351.821922 sending message 112 to peer 0x5617e3076b20 (14 bytes)
1694624351.822282 sending message 112 to peer 0x5617e3076b20 (11 bytes)
1694624351.822606 sending message 112 to peer 0x5617e3076b20 (9 bytes)
1694624351.822960 sending message 112 to peer 0x5617e3076b20 (10 bytes)
1694624351.823285 sending message 112 to peer 0x5617e3076b20 (10 bytes)
1694624351.823637 sending message 112 to peer 0x5617e3076b20 (10 bytes)
1694624351.824037 sending message 112 to peer 0x5617e3076b20 (10 bytes)
1694624351.824447 sending message 112 to peer 0x5617e3076b20 (11 bytes)
1694624351.824776 sending message 112 to peer 0x5617e3076b20 (12 bytes)
1694624351.825131 sending message 112 to peer 0x5617e3076b20 (12 bytes)
1694624351.825564 sending message 112 to peer 0x5617e3076b20 (12 bytes)
1694624351.825936 sending message 112 to peer 0x5617e3076b20 (12 bytes)
1694624351.826263 sending message 112 to peer 0x5617e3076b20 (12 bytes)
1694624351.826560 sending message 112 to peer 0x5617e3076b20 (11 bytes)
1694624351.826905 sending message 112 to peer 0x5617e3076b20 (11 bytes)
1694624351.827218 sending message 112 to peer 0x5617e3076b20 (12 bytes)
1694624351.827532 sending message 112 to peer 0x5617e3076b20 (12 bytes)
1694624351.827837 sending message 112 to peer 0x5617e3076b20 (12 bytes)
1694624351.828169 sending message 112 to peer 0x5617e3076b20 (12 bytes)
1694624351.828482 sending message 112 to peer 0x5617e3076b20 (12 bytes)
1694624351.828787 sending message 112 to peer 0x5617e3076b20 (9 bytes)
1694624351.829094 sending message 112 to peer 0x5617e3076b20 (12 bytes)
1694624351.829399 sending message 112 to peer 0x5617e3076b20 (13 bytes)
1694624351.829716 sending message 112 to peer 0x5617e3076b20 (13 bytes)
1694624351.830050 sending message 112 to peer 0x5617e3076b20 (13 bytes)
1694624351.830371 sending message 112 to peer 0x5617e3076b20 (13 bytes)
1694624351.830689 sending message 112 to peer 0x5617e3076b20 (13 bytes)
1694624351.830984 sending message 112 to peer 0x5617e3076b20 (8 bytes)
1694624351.831305 sending message 112 to peer 0x5617e3076b20 (11 bytes)
1694624351.831612 sending message 112 to peer 0x5617e3076b20 (11 bytes)
1694624351.831914 sending message 112 to peer 0x5617e3076b20 (11 bytes)
1694624351.832202 sending message 112 to peer 0x5617e3076b20 (12 bytes)
1694624351.832623 sending message 112 to peer 0x5617e3076b20 (12 bytes)
1694624351.833036 sending message 112 to peer 0x5617e3076b20 (12 bytes)
1694624351.833341 sending message 112 to peer 0x5617e3076b20 (12 bytes)
1694624351.833643 sending message 112 to peer 0x5617e3076b20 (13 bytes)
1694624351.833944 sending message 112 to peer 0x5617e3076b20 (13 bytes)
1694624351.834231 sending message 112 to peer 0x5617e3076b20 (13 bytes)
1694624351.834529 sending message 112 to peer 0x5617e3076b20 (8 bytes)
1694624351.834821 sending message 112 to peer 0x5617e3076b20 (13 bytes)
1694624351.835132 sending message 112 to peer 0x5617e3076b20 (13 bytes)
1694624351.835423 sending message 112 to peer 0x5617e3076b20 (13 bytes)
1694624351.835714 sending message 112 to peer 0x5617e3076b20 (13 bytes)
1694624351.836006 sending message 112 to peer 0x5617e3076b20 (13 bytes)
1694624351.836340 sending message 112 to peer 0x5617e3076b20 (12 bytes)
1694624351.836679 sending message 112 to peer 0x5617e3076b20 (12 bytes)
1694624351.837101 sending message 112 to peer 0x5617e3076b20 (12 bytes)
1694624351.837528 sending message 112 to peer 0x5617e3076b20 (12 bytes)
1694624351.837959 sending message 112 to peer 0x5617e3076b20 (13 bytes)
1694624351.838385 sending message 112 to peer 0x5617e3076b20 (8 bytes)
1694624351.838910 sending message 112 to peer 0x5617e3076b20 (13 bytes)
1694624351.839282 sending message 112 to peer 0x5617e3076b20 (13 bytes)
1694624351.839810 sending message 112 to peer 0x5617e3076b20 (13 bytes)
1694624351.840141 sending message 112 to peer 0x5617e3076b20 (13 bytes)
1694624351.840485 sending message 112 to peer 0x5617e3076b20 (13 bytes)
1694624351.840807 sending message 112 to peer 0x5617e3076b20 (13 bytes)
1694624351.841167 sending message 112 to peer 0x5617e3076b20 (13 bytes)
1694624351.841489 sending message 112 to peer 0x5617e3076b20 (12 bytes)
1694624351.841869 sending message 112 to peer 0x5617e3076b20 (12 bytes)
1694624351.842201 sending message 112 to peer 0x5617e3076b20 (12 bytes)
1694624351.842554 sending message 112 to peer 0x5617e3076b20 (8 bytes)
1694624351.842881 sending message 112 to peer 0x5617e3076b20 (12 bytes)
1694624351.843225 sending message 112 to peer 0x5617e3076b20 (13 bytes)
1694624351.843545 sending message 112 to peer 0x5617e3076b20 (13 bytes)
1694624351.843939 sending message 112 to peer 0x5617e3076b20 (13 bytes)
1694624351.844234 sending message 112 to peer 0x5617e3076b20 (13 bytes)
1694624351.844595 sending message 112 to peer 0x5617e3076b20 (13 bytes)
1694624351.844917 sending message 112 to peer 0x5617e3076b20 (13 bytes)
1694624351.845249 sending message 112 to peer 0x5617e3076b20 (13 bytes)
1694624351.845579 sending message 112 to peer 0x5617e3076b20 (13 bytes)
1694624351.845913 sending message 112 to peer 0x5617e3076b20 (12 bytes)
1694624351.846233 sending message 112 to peer 0x5617e3076b20 (10 bytes)
1694624351.846576 sending message 112 to peer 0x5617e3076b20 (12 bytes)
1694624351.846878 sending message 112 to peer 0x5617e3076b20 (12 bytes)
1694624351.847219 sending message 112 to peer 0x5617e3076b20 (12 bytes)
1694624351.847703 sending message 112 to peer 0x5617e3076b20 (13 bytes)
1694624351.848062 sending message 112 to peer 0x5617e3076b20 (13 bytes)
1694624351.848373 sending message 112 to peer 0x5617e3076b20 (13 bytes)
1694624351.848716 sending message 112 to peer 0x5617e3076b20 (13 bytes)
1694624351.849022 sending message 112 to peer 0x5617e3076b20 (13 bytes)
1694624351.849359 sending message 112 to peer 0x5617e3076b20 (13 bytes)
1694624351.849707 sending message 112 to peer 0x5617e3076b20 (13 bytes)
1694624351.850057 sending message 112 to peer 0x5617e3076b20 (10 bytes)
1694624351.850367 sending message 112 to peer 0x5617e3076b20 (13 bytes)
1694624351.850727 sending message 112 to peer 0x5617e3076b20 (12 bytes)
1694624351.851066 sending message 112 to peer 0x5617e3076b20 (12 bytes)
1694624351.851421 sending message 112 to peer 0x5617e3076b20 (12 bytes)
1694624351.851737 sending message 112 to peer 0x5617e3076b20 (10 bytes)
1694624351.852034 sending message 112 to peer 0x5617e3076b20 (10 bytes)
1694624351.852364 sending message 112 to peer 0x5617e3076b20 (10 bytes)
1694624351.852730 sending message 112 to peer 0x5617e3076b20 (12 bytes)
1694624351.853211 sending message 112 to peer 0x5617e3076b20 (13 bytes)
1694624351.853535 sending message 112 to peer 0x5617e3076b20 (13 bytes)
1694624351.853844 sending message 112 to peer 0x5617e3076b20 (13 bytes)
1694624351.854172 sending message 112 to peer 0x5617e3076b20 (13 bytes)
1694624351.854493 sending message 112 to peer 0x5617e3076b20 (13 bytes)
1694624351.854822 sending message 112 to peer 0x5617e3076b20 (10 bytes)
1694624351.855222 sending message 112 to peer 0x5617e3076b20 (11 bytes)
1694624351.855625 sending message 112 to peer 0x5617e3076b20 (12 bytes)
1694624351.856005 sending message 112 to peer 0x5617e3076b20 (12 bytes)
1694624351.856414 sending message 112 to peer 0x5617e3076b20 (12 bytes)
1694624351.856778 sending message 112 to peer 0x5617e3076b20 (12 bytes)
1694624351.857208 sending message 112 to peer 0x5617e3076b20 (12 bytes)
1694624351.857607 sending message 112 to peer 0x5617e3076b20 (11 bytes)
1694624351.857979 sending message 112 to peer 0x5617e3076b20 (12 bytes)
1694624351.858383 sending message 112 to peer 0x5617e3076b20 (12 bytes)
1694624351.858772 sending message 112 to peer 0x5617e3076b20 (13 bytes)
1694624351.859142 sending message 112 to peer 0x5617e3076b20 (13 bytes)
1694624351.859506 sending message 112 to peer 0x5617e3076b20 (13 bytes)
1694624351.859875 sending message 112 to peer 0x5617e3076b20 (13 bytes)
1694624351.860243 sending message 112 to peer 0x5617e3076b20 (13 bytes)
1694624351.860578 sending message 112 to peer 0x5617e3076b20 (10 bytes)
1694624351.860954 sending message 112 to peer 0x5617e3076b20 (9 bytes)
1694624351.861288 sending message 112 to peer 0x5617e3076b20 (12 bytes)
1694624351.861620 sending message 112 to peer 0x5617e3076b20 (13 bytes)
1694624351.862016 sending message 112 to peer 0x5617e3076b20 (13 bytes)
1694624351.862352 sending message 112 to peer 0x5617e3076b20 (13 bytes)
1694624351.862687 sending message 112 to peer 0x5617e3076b20 (13 bytes)
1694624351.863053 sending message 112 to peer 0x5617e3076b20 (13 bytes)
1694624351.863377 sending message 112 to peer 0x5617e3076b20 (9 bytes)
1694624351.863712 sending message 112 to peer 0x5617e3076b20 (12 bytes)
1694624351.864050 sending message 112 to peer 0x5617e3076b20 (13 bytes)
1694624351.864391 sending message 112 to peer 0x5617e3076b20 (13 bytes)
1694624351.864733 sending message 112 to peer 0x5617e3076b20 (13 bytes)
1694624351.865077 sending message 112 to peer 0x5617e3076b20 (13 bytes)
1694624351.865411 sending message 112 to peer 0x5617e3076b20 (13 bytes)
1694624351.865749 sending message 112 to peer 0x5617e3076b20 (11 bytes)
1694624351.866084 sending message 112 to peer 0x5617e3076b20 (12 bytes)
1694624351.866415 sending message 112 to peer 0x5617e3076b20 (13 bytes)
1694624351.866788 sending message 112 to peer 0x5617e3076b20 (13 bytes)
1694624351.867259 sending message 112 to peer 0x5617e3076b20 (13 bytes)
1694624351.867637 sending message 112 to peer 0x5617e3076b20 (13 bytes)
1694624351.867976 sending message 112 to peer 0x5617e3076b20 (13 bytes)
1694624351.868334 sending message 112 to peer 0x5617e3076b20 (11 bytes)
1694624351.868672 sending message 112 to peer 0x5617e3076b20 (12 bytes)
1694624351.869021 sending message 112 to peer 0x5617e3076b20 (12 bytes)
1694624351.869359 sending message 112 to peer 0x5617e3076b20 (12 bytes)
1694624351.869693 sending message 112 to peer 0x5617e3076b20 (12 bytes)
1694624351.870038 sending message 112 to peer 0x5617e3076b20 (12 bytes)
1694624351.870395 sending message 112 to peer 0x5617e3076b20 (21 bytes)
1694624351.870745 sending message 112 to peer 0x5617e3076b20 (12 bytes)
1694624351.871080 sending message 112 to peer 0x5617e3076b20 (9 bytes)
1694624351.871414 sending message 112 to peer 0x5617e3076b20 (6 bytes)
1694624351.871738 sending message 112 to peer 0x5617e3076b20 (13 bytes)
1694624351.872071 sending message 112 to peer 0x5617e3076b20 (10 bytes)
1694624351.872407 sending message 112 to peer 0x5617e3076b20 (24 bytes)
1694624351.872737 sending message 112 to peer 0x5617e3076b20 (13 bytes)
1694624351.873044 sending message 112 to peer 0x5617e3076b20 (9 bytes)
1694624351.873393 sending message 112 to peer 0x5617e3076b20 (70 bytes)
1694624351.873717 sending message 112 to peer 0x5617e3076b20 (69 bytes)
1694624351.874048 sending message 112 to peer 0x5617e3076b20 (12 bytes)
1694624351.874382 sending message 112 to peer 0x5617e3076b20 (10 bytes)
1694624351.874710 sending message 112 to peer 0x5617e3076b20 (10 bytes)
1694624351.875046 sending message 112 to peer 0x5617e3076b20 (24 bytes)
1694624351.875380 sending message 112 to peer 0x5617e3076b20 (13 bytes)
1694624351.875685 sending message 112 to peer 0x5617e3076b20 (10 bytes)
1694624351.876017 sending message 112 to peer 0x5617e3076b20 (10 bytes)
1694624351.876350 sending message 112 to peer 0x5617e3076b20 (10 bytes)
1694624351.876679 sending message 112 to peer 0x5617e3076b20 (13 bytes)
1694624351.877011 sending message 112 to peer 0x5617e3076b20 (15 bytes)
1694624351.877347 sending message 112 to peer 0x5617e3076b20 (5 bytes)
1694624351.877674 sending message 104 to peer 0x5617e3076b20 (0 bytes)
1694624351.878003 sending message 110 to peer 0x5617e3076b20 (0 bytes)
1694624351.878316 sending message 107 to peer 0x5617e3076b20 (4 bytes)
1694624351.878653 sending message 105 to peer 0x5617e3076b20 (16 bytes)
1694624351.878977 sending message 105 to peer 0x5617e3076b20 (17 bytes)
1694624351.879308 sending message 105 to peer 0x5617e3076b20 (1125 bytes)
1694624351.879674 sending message 105 to peer 0x5617e3076b20 (20 bytes)
1694624351.880007 sending message 105 to peer 0x5617e3076b20 (38 bytes)
1694624351.880333 sending message 105 to peer 0x5617e3076b20 (11 bytes)
1694624351.880666 sending message 105 to peer 0x5617e3076b20 (26 bytes)
1694624351.881000 sending message 105 to peer 0x5617e3076b20 (40 bytes)
1694624351.881337 sending message 105 to peer 0x5617e3076b20 (24 bytes)
1694624351.881609 sending message 105 to peer 0x5617e3076b20 (33 bytes)
1694624351.881915 sending message 105 to peer 0x5617e3076b20 (48 bytes)
1694624351.882188 sending message 105 to peer 0x5617e3076b20 (53 bytes)
1694624351.882503 sending message 105 to peer 0x5617e3076b20 (34 bytes)
1694624351.882817 sending message 105 to peer 0x5617e3076b20 (10 bytes)
1694624351.883061 sending message 105 to peer 0x5617e3076b20 (13 bytes)
1694624351.883334 sending message 105 to peer 0x5617e3076b20 (7 bytes)
1694624351.883637 sending message 105 to peer 0x5617e3076b20 (10 bytes)
1694624351.883910 sending message 105 to peer 0x5617e3076b20 (19 bytes)
1694624351.884216 sending message 105 to peer 0x5617e3076b20 (24 bytes)
1694624351.884576 sending message 105 to peer 0x5617e3076b20 (8 bytes)
1694624351.884881 sending message 105 to peer 0x5617e3076b20 (45 bytes)
1694624351.885154 sending message 105 to peer 0x5617e3076b20 (15 bytes)
1694624351.885474 sending message 105 to peer 0x5617e3076b20 (2352 bytes)
1694624351.885752 sending message 105 to peer 0x5617e3076b20 (19 bytes)
1694624351.886061 sending message 105 to peer 0x5617e3076b20 (38 bytes)
1694624351.886337 sending message 105 to peer 0x5617e3076b20 (16 bytes)
1694624351.886650 sending message 106 to peer 0x5617e3076b20 (0 bytes)
1694624351.887080 sending message 200 to peer 0x5617e3076b20 (4 bytes)
1694624351.887478 client loop enter
1694624351.889720 peer 0x5617e3076b20 message 207
1694624351.890297 sending message 208 to peer 0x5617e3076b20 (0 bytes)
1694624354.427981 peer 0x5617e3076b20 message 201
1694624354.428524 sending message 205 to peer 0x5617e3076b20 (0 bytes)
1694624354.429442 peer 0x5617e3076b20 message 204
1694624354.429925 client loop exit
